 25-04-2025 17:32:17:839 [pid=8087 tid=8087] ERROR  0:140 unable to load,  liburcu-bp.so.6 

 25-04-2025 17:32:17:839 [pid=8087 tid=8087] ERROR  0:140 unable to load,  liburcu-bp.so.1 

 25-04-2025 17:32:17:839 [pid=8087 tid=8087] WARN   0:168 failed to open /proc/driver/nvidia-fs/devcount  error: No such file or directory
 25-04-2025 17:32:17:839 [pid=8087 tid=8087] NOTICE  cufio-drv:727 running in compatible mode
 25-04-2025 17:32:18:3 [pid=8087 tid=8087] ERROR  cufio-fs:68 mount options not specified for device in mount table /dev/nvme1n1p1
 25-04-2025 17:43:31:131 [pid=8733 tid=8733] ERROR  0:140 unable to load,  liburcu-bp.so.6 

 25-04-2025 17:43:31:132 [pid=8733 tid=8733] ERROR  0:140 unable to load,  liburcu-bp.so.1 

 25-04-2025 17:43:31:132 [pid=8733 tid=8733] WARN   0:168 failed to open /proc/driver/nvidia-fs/devcount  error: No such file or directory
 25-04-2025 17:43:31:132 [pid=8733 tid=8733] NOTICE  cufio-drv:727 running in compatible mode
 25-04-2025 17:43:31:316 [pid=8733 tid=8733] ERROR  cufio-fs:68 mount options not specified for device in mount table /dev/nvme1n1p1
 25-04-2025 17:43:36:568 [pid=8769 tid=8769] ERROR  0:140 unable to load,  liburcu-bp.so.6 

 25-04-2025 17:43:36:568 [pid=8769 tid=8769] ERROR  0:140 unable to load,  liburcu-bp.so.1 

 25-04-2025 17:43:36:568 [pid=8769 tid=8769] WARN   0:168 failed to open /proc/driver/nvidia-fs/devcount  error: No such file or directory
 25-04-2025 17:43:36:569 [pid=8769 tid=8769] NOTICE  cufio-drv:727 running in compatible mode
 25-04-2025 17:43:36:749 [pid=8769 tid=8769] ERROR  cufio-fs:68 mount options not specified for device in mount table /dev/nvme1n1p1
 25-04-2025 17:44:12:556 [pid=8787 tid=8787] ERROR  0:140 unable to load,  liburcu-bp.so.6 

 25-04-2025 17:44:12:556 [pid=8787 tid=8787] ERROR  0:140 unable to load,  liburcu-bp.so.1 

 25-04-2025 17:44:12:556 [pid=8787 tid=8787] WARN   0:168 failed to open /proc/driver/nvidia-fs/devcount  error: No such file or directory
 25-04-2025 17:44:12:557 [pid=8787 tid=8787] NOTICE  cufio-drv:727 running in compatible mode
 25-04-2025 17:44:12:737 [pid=8787 tid=8787] ERROR  cufio-fs:68 mount options not specified for device in mount table /dev/nvme1n1p1
 25-04-2025 17:44:58:668 [pid=9001 tid=9001] ERROR  0:140 unable to load,  liburcu-bp.so.6 

 25-04-2025 17:44:58:668 [pid=9001 tid=9001] ERROR  0:140 unable to load,  liburcu-bp.so.1 

 25-04-2025 17:44:58:668 [pid=9001 tid=9001] WARN   0:168 failed to open /proc/driver/nvidia-fs/devcount  error: No such file or directory
 25-04-2025 17:44:58:668 [pid=9001 tid=9001] NOTICE  cufio-drv:727 running in compatible mode
 25-04-2025 17:44:58:832 [pid=9001 tid=9001] ERROR  cufio-fs:68 mount options not specified for device in mount table /dev/nvme1n1p1
 25-04-2025 17:46:33:444 [pid=9304 tid=9304] ERROR  0:140 unable to load,  liburcu-bp.so.6 

 25-04-2025 17:46:33:444 [pid=9304 tid=9304] ERROR  0:140 unable to load,  liburcu-bp.so.1 

 25-04-2025 17:46:33:444 [pid=9304 tid=9304] WARN   0:168 failed to open /proc/driver/nvidia-fs/devcount  error: No such file or directory
 25-04-2025 17:46:33:444 [pid=9304 tid=9304] NOTICE  cufio-drv:727 running in compatible mode
 25-04-2025 17:46:33:610 [pid=9304 tid=9304] ERROR  cufio-fs:68 mount options not specified for device in mount table /dev/nvme1n1p1
 25-04-2025 17:47:51:990 [pid=9625 tid=9625] ERROR  0:140 unable to load,  liburcu-bp.so.6 

 25-04-2025 17:47:51:990 [pid=9625 tid=9625] ERROR  0:140 unable to load,  liburcu-bp.so.1 

 25-04-2025 17:47:51:990 [pid=9625 tid=9625] WARN   0:168 failed to open /proc/driver/nvidia-fs/devcount  error: No such file or directory
 25-04-2025 17:47:51:990 [pid=9625 tid=9625] NOTICE  cufio-drv:727 running in compatible mode
 25-04-2025 17:47:52:171 [pid=9625 tid=9625] ERROR  cufio-fs:68 mount options not specified for device in mount table /dev/nvme1n1p1
 25-04-2025 17:50:21:70 [pid=10002 tid=10002] ERROR  0:140 unable to load,  liburcu-bp.so.6 

 25-04-2025 17:50:21:70 [pid=10002 tid=10002] ERROR  0:140 unable to load,  liburcu-bp.so.1 

 25-04-2025 17:50:21:70 [pid=10002 tid=10002] WARN   0:168 failed to open /proc/driver/nvidia-fs/devcount  error: No such file or directory
 25-04-2025 17:50:21:70 [pid=10002 tid=10002] NOTICE  cufio-drv:727 running in compatible mode
 25-04-2025 17:50:21:234 [pid=10002 tid=10002] ERROR  cufio-fs:68 mount options not specified for device in mount table /dev/nvme1n1p1
 25-04-2025 17:50:39:167 [pid=10156 tid=10156] ERROR  0:140 unable to load,  liburcu-bp.so.6 

 25-04-2025 17:50:39:167 [pid=10156 tid=10156] ERROR  0:140 unable to load,  liburcu-bp.so.1 

 25-04-2025 17:50:39:169 [pid=10156 tid=10156] WARN   0:168 failed to open /proc/driver/nvidia-fs/devcount  error: No such file or directory
 25-04-2025 17:50:39:169 [pid=10156 tid=10156] NOTICE  cufio-drv:727 running in compatible mode
 25-04-2025 17:50:39:333 [pid=10156 tid=10156] ERROR  cufio-fs:68 mount options not specified for device in mount table /dev/nvme1n1p1
 25-04-2025 17:51:06:989 [pid=10331 tid=10331] ERROR  0:140 unable to load,  liburcu-bp.so.6 

 25-04-2025 17:51:06:989 [pid=10331 tid=10331] ERROR  0:140 unable to load,  liburcu-bp.so.1 

 25-04-2025 17:51:06:989 [pid=10331 tid=10331] WARN   0:168 failed to open /proc/driver/nvidia-fs/devcount  error: No such file or directory
 25-04-2025 17:51:06:989 [pid=10331 tid=10331] NOTICE  cufio-drv:727 running in compatible mode
 25-04-2025 17:51:07:153 [pid=10331 tid=10331] ERROR  cufio-fs:68 mount options not specified for device in mount table /dev/nvme1n1p1
 25-04-2025 17:52:30:979 [pid=10778 tid=10778] ERROR  0:140 unable to load,  liburcu-bp.so.6 

 25-04-2025 17:52:30:979 [pid=10778 tid=10778] ERROR  0:140 unable to load,  liburcu-bp.so.1 

 25-04-2025 17:52:30:979 [pid=10778 tid=10778] WARN   0:168 failed to open /proc/driver/nvidia-fs/devcount  error: No such file or directory
 25-04-2025 17:52:30:979 [pid=10778 tid=10778] NOTICE  cufio-drv:727 running in compatible mode
 25-04-2025 17:52:31:163 [pid=10778 tid=10778] ERROR  cufio-fs:68 mount options not specified for device in mount table /dev/nvme1n1p1
 25-04-2025 17:54:17:682 [pid=11285 tid=11285] ERROR  0:140 unable to load,  liburcu-bp.so.6 

 25-04-2025 17:54:17:682 [pid=11285 tid=11285] ERROR  0:140 unable to load,  liburcu-bp.so.1 

 25-04-2025 17:54:17:682 [pid=11285 tid=11285] WARN   0:168 failed to open /proc/driver/nvidia-fs/devcount  error: No such file or directory
 25-04-2025 17:54:17:682 [pid=11285 tid=11285] NOTICE  cufio-drv:727 running in compatible mode
 25-04-2025 17:54:17:847 [pid=11285 tid=11285] ERROR  cufio-fs:68 mount options not specified for device in mount table /dev/nvme1n1p1
 25-04-2025 17:56:03:770 [pid=11340 tid=11340] ERROR  0:140 unable to load,  liburcu-bp.so.6 

 25-04-2025 17:56:03:770 [pid=11340 tid=11340] ERROR  0:140 unable to load,  liburcu-bp.so.1 

 25-04-2025 17:56:03:770 [pid=11340 tid=11340] WARN   0:168 failed to open /proc/driver/nvidia-fs/devcount  error: No such file or directory
 25-04-2025 17:56:03:770 [pid=11340 tid=11340] NOTICE  cufio-drv:727 running in compatible mode
 25-04-2025 17:56:03:935 [pid=11340 tid=11340] ERROR  cufio-fs:68 mount options not specified for device in mount table /dev/nvme1n1p1
 25-04-2025 17:58:35:490 [pid=11394 tid=11394] ERROR  0:140 unable to load,  liburcu-bp.so.6 

 25-04-2025 17:58:35:490 [pid=11394 tid=11394] ERROR  0:140 unable to load,  liburcu-bp.so.1 

 25-04-2025 17:58:35:492 [pid=11394 tid=11394] WARN   0:168 failed to open /proc/driver/nvidia-fs/devcount  error: No such file or directory
 25-04-2025 17:58:35:492 [pid=11394 tid=11394] NOTICE  cufio-drv:727 running in compatible mode
 25-04-2025 17:58:35:657 [pid=11394 tid=11394] ERROR  cufio-fs:68 mount options not specified for device in mount table /dev/nvme1n1p1
 25-04-2025 18:00:05:692 [pid=11451 tid=11451] ERROR  0:140 unable to load,  liburcu-bp.so.6 

 25-04-2025 18:00:05:692 [pid=11451 tid=11451] ERROR  0:140 unable to load,  liburcu-bp.so.1 

 25-04-2025 18:00:05:692 [pid=11451 tid=11451] WARN   0:168 failed to open /proc/driver/nvidia-fs/devcount  error: No such file or directory
 25-04-2025 18:00:05:692 [pid=11451 tid=11451] NOTICE  cufio-drv:727 running in compatible mode
 25-04-2025 18:00:05:856 [pid=11451 tid=11451] ERROR  cufio-fs:68 mount options not specified for device in mount table /dev/nvme1n1p1
 25-04-2025 18:01:01:892 [pid=11504 tid=11504] ERROR  0:140 unable to load,  liburcu-bp.so.6 

 25-04-2025 18:01:01:892 [pid=11504 tid=11504] ERROR  0:140 unable to load,  liburcu-bp.so.1 

 25-04-2025 18:01:01:892 [pid=11504 tid=11504] WARN   0:168 failed to open /proc/driver/nvidia-fs/devcount  error: No such file or directory
 25-04-2025 18:01:01:892 [pid=11504 tid=11504] NOTICE  cufio-drv:727 running in compatible mode
 25-04-2025 18:01:02:56 [pid=11504 tid=11504] ERROR  cufio-fs:68 mount options not specified for device in mount table /dev/nvme1n1p1
 25-04-2025 18:01:44:313 [pid=11556 tid=11556] ERROR  0:140 unable to load,  liburcu-bp.so.6 

 25-04-2025 18:01:44:313 [pid=11556 tid=11556] ERROR  0:140 unable to load,  liburcu-bp.so.1 

 25-04-2025 18:01:44:313 [pid=11556 tid=11556] WARN   0:168 failed to open /proc/driver/nvidia-fs/devcount  error: No such file or directory
 25-04-2025 18:01:44:313 [pid=11556 tid=11556] NOTICE  cufio-drv:727 running in compatible mode
 25-04-2025 18:01:44:479 [pid=11556 tid=11556] ERROR  cufio-fs:68 mount options not specified for device in mount table /dev/nvme1n1p1
 25-04-2025 18:14:58:967 [pid=11805 tid=11805] ERROR  0:140 unable to load,  liburcu-bp.so.6 

 25-04-2025 18:14:58:967 [pid=11805 tid=11805] ERROR  0:140 unable to load,  liburcu-bp.so.1 

 25-04-2025 18:14:58:967 [pid=11805 tid=11805] WARN   0:168 failed to open /proc/driver/nvidia-fs/devcount  error: No such file or directory
 25-04-2025 18:14:58:967 [pid=11805 tid=11805] NOTICE  cufio-drv:727 running in compatible mode
 25-04-2025 18:14:59:132 [pid=11805 tid=11805] ERROR  cufio-fs:68 mount options not specified for device in mount table /dev/nvme1n1p1
 25-04-2025 18:15:27:459 [pid=11849 tid=11849] ERROR  0:140 unable to load,  liburcu-bp.so.6 

 25-04-2025 18:15:27:459 [pid=11849 tid=11849] ERROR  0:140 unable to load,  liburcu-bp.so.1 

 25-04-2025 18:15:27:459 [pid=11849 tid=11849] WARN   0:168 failed to open /proc/driver/nvidia-fs/devcount  error: No such file or directory
 25-04-2025 18:15:27:459 [pid=11849 tid=11849] NOTICE  cufio-drv:727 running in compatible mode
 25-04-2025 18:15:27:626 [pid=11849 tid=11849] ERROR  cufio-fs:68 mount options not specified for device in mount table /dev/nvme1n1p1
 25-04-2025 18:17:11:636 [pid=11958 tid=11958] ERROR  0:140 unable to load,  liburcu-bp.so.6 

 25-04-2025 18:17:11:636 [pid=11958 tid=11958] ERROR  0:140 unable to load,  liburcu-bp.so.1 

 25-04-2025 18:17:11:636 [pid=11958 tid=11958] WARN   0:168 failed to open /proc/driver/nvidia-fs/devcount  error: No such file or directory
 25-04-2025 18:17:11:636 [pid=11958 tid=11958] NOTICE  cufio-drv:727 running in compatible mode
 25-04-2025 18:17:11:804 [pid=11958 tid=11958] ERROR  cufio-fs:68 mount options not specified for device in mount table /dev/nvme1n1p1
 25-04-2025 18:18:18:565 [pid=12057 tid=12057] ERROR  0:140 unable to load,  liburcu-bp.so.6 

 25-04-2025 18:18:18:565 [pid=12057 tid=12057] ERROR  0:140 unable to load,  liburcu-bp.so.1 

 25-04-2025 18:18:18:566 [pid=12057 tid=12057] WARN   0:168 failed to open /proc/driver/nvidia-fs/devcount  error: No such file or directory
 25-04-2025 18:18:18:566 [pid=12057 tid=12057] NOTICE  cufio-drv:727 running in compatible mode
 25-04-2025 18:18:18:734 [pid=12057 tid=12057] ERROR  cufio-fs:68 mount options not specified for device in mount table /dev/nvme1n1p1
 25-04-2025 18:21:25:981 [pid=12553 tid=12553] ERROR  0:140 unable to load,  liburcu-bp.so.6 

 25-04-2025 18:21:25:981 [pid=12553 tid=12553] ERROR  0:140 unable to load,  liburcu-bp.so.1 

 25-04-2025 18:21:25:981 [pid=12553 tid=12553] WARN   0:168 failed to open /proc/driver/nvidia-fs/devcount  error: No such file or directory
 25-04-2025 18:21:25:981 [pid=12553 tid=12553] NOTICE  cufio-drv:727 running in compatible mode
 25-04-2025 18:21:26:146 [pid=12553 tid=12553] ERROR  cufio-fs:68 mount options not specified for device in mount table /dev/nvme1n1p1
 25-04-2025 18:22:40:670 [pid=12628 tid=12628] ERROR  0:140 unable to load,  liburcu-bp.so.6 

 25-04-2025 18:22:40:670 [pid=12628 tid=12628] ERROR  0:140 unable to load,  liburcu-bp.so.1 

 25-04-2025 18:22:40:670 [pid=12628 tid=12628] WARN   0:168 failed to open /proc/driver/nvidia-fs/devcount  error: No such file or directory
 25-04-2025 18:22:40:670 [pid=12628 tid=12628] NOTICE  cufio-drv:727 running in compatible mode
 25-04-2025 18:22:40:836 [pid=12628 tid=12628] ERROR  cufio-fs:68 mount options not specified for device in mount table /dev/nvme1n1p1
 25-04-2025 18:23:49:810 [pid=12719 tid=12719] ERROR  0:140 unable to load,  liburcu-bp.so.6 

 25-04-2025 18:23:49:810 [pid=12719 tid=12719] ERROR  0:140 unable to load,  liburcu-bp.so.1 

 25-04-2025 18:23:49:811 [pid=12719 tid=12719] WARN   0:168 failed to open /proc/driver/nvidia-fs/devcount  error: No such file or directory
 25-04-2025 18:23:49:811 [pid=12719 tid=12719] NOTICE  cufio-drv:727 running in compatible mode
 25-04-2025 18:23:49:982 [pid=12719 tid=12719] ERROR  cufio-fs:68 mount options not specified for device in mount table /dev/nvme1n1p1
 25-04-2025 18:25:31:306 [pid=12822 tid=12822] ERROR  0:140 unable to load,  liburcu-bp.so.6 

 25-04-2025 18:25:31:306 [pid=12822 tid=12822] ERROR  0:140 unable to load,  liburcu-bp.so.1 

 25-04-2025 18:25:31:308 [pid=12822 tid=12822] WARN   0:168 failed to open /proc/driver/nvidia-fs/devcount  error: No such file or directory
 25-04-2025 18:25:31:308 [pid=12822 tid=12822] NOTICE  cufio-drv:727 running in compatible mode
 25-04-2025 18:25:31:476 [pid=12822 tid=12822] ERROR  cufio-fs:68 mount options not specified for device in mount table /dev/nvme1n1p1
 25-04-2025 18:25:50:319 [pid=12890 tid=12890] ERROR  0:140 unable to load,  liburcu-bp.so.6 

 25-04-2025 18:25:50:319 [pid=12890 tid=12890] ERROR  0:140 unable to load,  liburcu-bp.so.1 

 25-04-2025 18:25:50:319 [pid=12890 tid=12890] WARN   0:168 failed to open /proc/driver/nvidia-fs/devcount  error: No such file or directory
 25-04-2025 18:25:50:319 [pid=12890 tid=12890] NOTICE  cufio-drv:727 running in compatible mode
 25-04-2025 18:25:50:492 [pid=12890 tid=12890] ERROR  cufio-fs:68 mount options not specified for device in mount table /dev/nvme1n1p1
 25-04-2025 18:26:49:675 [pid=13005 tid=13005] ERROR  0:140 unable to load,  liburcu-bp.so.6 

 25-04-2025 18:26:49:675 [pid=13005 tid=13005] ERROR  0:140 unable to load,  liburcu-bp.so.1 

 25-04-2025 18:26:49:676 [pid=13005 tid=13005] WARN   0:168 failed to open /proc/driver/nvidia-fs/devcount  error: No such file or directory
 25-04-2025 18:26:49:676 [pid=13005 tid=13005] NOTICE  cufio-drv:727 running in compatible mode
 25-04-2025 18:26:49:841 [pid=13005 tid=13005] ERROR  cufio-fs:68 mount options not specified for device in mount table /dev/nvme1n1p1
 25-04-2025 18:27:45:540 [pid=13134 tid=13134] ERROR  0:140 unable to load,  liburcu-bp.so.6 

 25-04-2025 18:27:45:540 [pid=13134 tid=13134] ERROR  0:140 unable to load,  liburcu-bp.so.1 

 25-04-2025 18:27:45:540 [pid=13134 tid=13134] WARN   0:168 failed to open /proc/driver/nvidia-fs/devcount  error: No such file or directory
 25-04-2025 18:27:45:540 [pid=13134 tid=13134] NOTICE  cufio-drv:727 running in compatible mode
 25-04-2025 18:27:45:707 [pid=13134 tid=13134] ERROR  cufio-fs:68 mount options not specified for device in mount table /dev/nvme1n1p1
 25-04-2025 18:29:53:914 [pid=13247 tid=13247] ERROR  0:140 unable to load,  liburcu-bp.so.6 

 25-04-2025 18:29:53:914 [pid=13247 tid=13247] ERROR  0:140 unable to load,  liburcu-bp.so.1 

 25-04-2025 18:29:53:915 [pid=13247 tid=13247] WARN   0:168 failed to open /proc/driver/nvidia-fs/devcount  error: No such file or directory
 25-04-2025 18:29:53:915 [pid=13247 tid=13247] NOTICE  cufio-drv:727 running in compatible mode
 25-04-2025 18:29:54:85 [pid=13247 tid=13247] ERROR  cufio-fs:68 mount options not specified for device in mount table /dev/nvme1n1p1
 25-04-2025 18:34:46:523 [pid=13598 tid=13598] ERROR  0:140 unable to load,  liburcu-bp.so.6 

 25-04-2025 18:34:46:523 [pid=13598 tid=13598] ERROR  0:140 unable to load,  liburcu-bp.so.1 

 25-04-2025 18:34:46:525 [pid=13598 tid=13598] WARN   0:168 failed to open /proc/driver/nvidia-fs/devcount  error: No such file or directory
 25-04-2025 18:34:46:525 [pid=13598 tid=13598] NOTICE  cufio-drv:727 running in compatible mode
 25-04-2025 18:34:46:693 [pid=13598 tid=13598] ERROR  cufio-fs:68 mount options not specified for device in mount table /dev/nvme1n1p1
 25-04-2025 18:37:09:8 [pid=13671 tid=13671] ERROR  0:140 unable to load,  liburcu-bp.so.6 

 25-04-2025 18:37:09:8 [pid=13671 tid=13671] ERROR  0:140 unable to load,  liburcu-bp.so.1 

 25-04-2025 18:37:09:8 [pid=13671 tid=13671] WARN   0:168 failed to open /proc/driver/nvidia-fs/devcount  error: No such file or directory
 25-04-2025 18:37:09:8 [pid=13671 tid=13671] NOTICE  cufio-drv:727 running in compatible mode
 25-04-2025 18:37:09:173 [pid=13671 tid=13671] ERROR  cufio-fs:68 mount options not specified for device in mount table /dev/nvme1n1p1
 25-04-2025 18:37:38:690 [pid=13723 tid=13723] ERROR  0:140 unable to load,  liburcu-bp.so.6 

 25-04-2025 18:37:38:690 [pid=13723 tid=13723] ERROR  0:140 unable to load,  liburcu-bp.so.1 

 25-04-2025 18:37:38:690 [pid=13723 tid=13723] WARN   0:168 failed to open /proc/driver/nvidia-fs/devcount  error: No such file or directory
 25-04-2025 18:37:38:690 [pid=13723 tid=13723] NOTICE  cufio-drv:727 running in compatible mode
 25-04-2025 18:37:38:856 [pid=13723 tid=13723] ERROR  cufio-fs:68 mount options not specified for device in mount table /dev/nvme1n1p1
 25-04-2025 18:38:25:783 [pid=13776 tid=13776] ERROR  0:140 unable to load,  liburcu-bp.so.6 

 25-04-2025 18:38:25:783 [pid=13776 tid=13776] ERROR  0:140 unable to load,  liburcu-bp.so.1 

 25-04-2025 18:38:25:783 [pid=13776 tid=13776] WARN   0:168 failed to open /proc/driver/nvidia-fs/devcount  error: No such file or directory
 25-04-2025 18:38:25:783 [pid=13776 tid=13776] NOTICE  cufio-drv:727 running in compatible mode
 25-04-2025 18:38:25:951 [pid=13776 tid=13776] ERROR  cufio-fs:68 mount options not specified for device in mount table /dev/nvme1n1p1
 25-04-2025 18:38:51:684 [pid=13829 tid=13829] ERROR  0:140 unable to load,  liburcu-bp.so.6 

 25-04-2025 18:38:51:684 [pid=13829 tid=13829] ERROR  0:140 unable to load,  liburcu-bp.so.1 

 25-04-2025 18:38:51:684 [pid=13829 tid=13829] WARN   0:168 failed to open /proc/driver/nvidia-fs/devcount  error: No such file or directory
 25-04-2025 18:38:51:684 [pid=13829 tid=13829] NOTICE  cufio-drv:727 running in compatible mode
 25-04-2025 18:38:51:852 [pid=13829 tid=13829] ERROR  cufio-fs:68 mount options not specified for device in mount table /dev/nvme1n1p1
 25-04-2025 18:39:20:664 [pid=13881 tid=13881] ERROR  0:140 unable to load,  liburcu-bp.so.6 

 25-04-2025 18:39:20:664 [pid=13881 tid=13881] ERROR  0:140 unable to load,  liburcu-bp.so.1 

 25-04-2025 18:39:20:664 [pid=13881 tid=13881] WARN   0:168 failed to open /proc/driver/nvidia-fs/devcount  error: No such file or directory
 25-04-2025 18:39:20:664 [pid=13881 tid=13881] NOTICE  cufio-drv:727 running in compatible mode
 25-04-2025 18:39:20:834 [pid=13881 tid=13881] ERROR  cufio-fs:68 mount options not specified for device in mount table /dev/nvme1n1p1
 25-04-2025 18:39:56:705 [pid=13935 tid=13935] ERROR  0:140 unable to load,  liburcu-bp.so.6 

 25-04-2025 18:39:56:705 [pid=13935 tid=13935] ERROR  0:140 unable to load,  liburcu-bp.so.1 

 25-04-2025 18:39:56:705 [pid=13935 tid=13935] WARN   0:168 failed to open /proc/driver/nvidia-fs/devcount  error: No such file or directory
 25-04-2025 18:39:56:705 [pid=13935 tid=13935] NOTICE  cufio-drv:727 running in compatible mode
 25-04-2025 18:39:56:874 [pid=13935 tid=13935] ERROR  cufio-fs:68 mount options not specified for device in mount table /dev/nvme1n1p1
 25-04-2025 18:44:33:999 [pid=14002 tid=14002] ERROR  0:140 unable to load,  liburcu-bp.so.6 

 25-04-2025 18:44:33:999 [pid=14002 tid=14002] ERROR  0:140 unable to load,  liburcu-bp.so.1 

 25-04-2025 18:44:33:999 [pid=14002 tid=14002] WARN   0:168 failed to open /proc/driver/nvidia-fs/devcount  error: No such file or directory
 25-04-2025 18:44:33:999 [pid=14002 tid=14002] NOTICE  cufio-drv:727 running in compatible mode
 25-04-2025 18:44:34:164 [pid=14002 tid=14002] ERROR  cufio-fs:68 mount options not specified for device in mount table /dev/nvme1n1p1
 25-04-2025 18:45:44:868 [pid=14065 tid=14065] ERROR  0:140 unable to load,  liburcu-bp.so.6 

 25-04-2025 18:45:44:868 [pid=14065 tid=14065] ERROR  0:140 unable to load,  liburcu-bp.so.1 

 25-04-2025 18:45:44:870 [pid=14065 tid=14065] WARN   0:168 failed to open /proc/driver/nvidia-fs/devcount  error: No such file or directory
 25-04-2025 18:45:44:870 [pid=14065 tid=14065] NOTICE  cufio-drv:727 running in compatible mode
 25-04-2025 18:45:45:35 [pid=14065 tid=14065] ERROR  cufio-fs:68 mount options not specified for device in mount table /dev/nvme1n1p1
 25-04-2025 18:46:22:367 [pid=14136 tid=14136] ERROR  0:140 unable to load,  liburcu-bp.so.6 

 25-04-2025 18:46:22:367 [pid=14136 tid=14136] ERROR  0:140 unable to load,  liburcu-bp.so.1 

 25-04-2025 18:46:22:367 [pid=14136 tid=14136] WARN   0:168 failed to open /proc/driver/nvidia-fs/devcount  error: No such file or directory
 25-04-2025 18:46:22:367 [pid=14136 tid=14136] NOTICE  cufio-drv:727 running in compatible mode
 25-04-2025 18:46:22:534 [pid=14136 tid=14136] ERROR  cufio-fs:68 mount options not specified for device in mount table /dev/nvme1n1p1
 25-04-2025 18:47:11:10 [pid=14236 tid=14236] ERROR  0:140 unable to load,  liburcu-bp.so.6 

 25-04-2025 18:47:11:10 [pid=14236 tid=14236] ERROR  0:140 unable to load,  liburcu-bp.so.1 

 25-04-2025 18:47:11:10 [pid=14236 tid=14236] WARN   0:168 failed to open /proc/driver/nvidia-fs/devcount  error: No such file or directory
 25-04-2025 18:47:11:10 [pid=14236 tid=14236] NOTICE  cufio-drv:727 running in compatible mode
 25-04-2025 18:47:11:176 [pid=14236 tid=14236] ERROR  cufio-fs:68 mount options not specified for device in mount table /dev/nvme1n1p1
 25-04-2025 18:47:56:588 [pid=14345 tid=14345] ERROR  0:140 unable to load,  liburcu-bp.so.6 

 25-04-2025 18:47:56:588 [pid=14345 tid=14345] ERROR  0:140 unable to load,  liburcu-bp.so.1 

 25-04-2025 18:47:56:588 [pid=14345 tid=14345] WARN   0:168 failed to open /proc/driver/nvidia-fs/devcount  error: No such file or directory
 25-04-2025 18:47:56:588 [pid=14345 tid=14345] NOTICE  cufio-drv:727 running in compatible mode
 25-04-2025 18:47:56:754 [pid=14345 tid=14345] ERROR  cufio-fs:68 mount options not specified for device in mount table /dev/nvme1n1p1
 25-04-2025 18:48:50:971 [pid=14408 tid=14408] ERROR  0:140 unable to load,  liburcu-bp.so.6 

 25-04-2025 18:48:50:971 [pid=14408 tid=14408] ERROR  0:140 unable to load,  liburcu-bp.so.1 

 25-04-2025 18:48:50:971 [pid=14408 tid=14408] WARN   0:168 failed to open /proc/driver/nvidia-fs/devcount  error: No such file or directory
 25-04-2025 18:48:50:971 [pid=14408 tid=14408] NOTICE  cufio-drv:727 running in compatible mode
 25-04-2025 18:48:51:136 [pid=14408 tid=14408] ERROR  cufio-fs:68 mount options not specified for device in mount table /dev/nvme1n1p1
 25-04-2025 19:03:30:587 [pid=14732 tid=14732] ERROR  0:140 unable to load,  liburcu-bp.so.6 

 25-04-2025 19:03:30:588 [pid=14732 tid=14732] ERROR  0:140 unable to load,  liburcu-bp.so.1 

 25-04-2025 19:03:30:588 [pid=14732 tid=14732] WARN   0:168 failed to open /proc/driver/nvidia-fs/devcount  error: No such file or directory
 25-04-2025 19:03:30:588 [pid=14732 tid=14732] NOTICE  cufio-drv:727 running in compatible mode
 25-04-2025 19:03:30:758 [pid=14732 tid=14732] ERROR  cufio-fs:68 mount options not specified for device in mount table /dev/nvme1n1p1
 25-04-2025 19:03:54:131 [pid=14784 tid=14784] ERROR  0:140 unable to load,  liburcu-bp.so.6 

 25-04-2025 19:03:54:132 [pid=14784 tid=14784] ERROR  0:140 unable to load,  liburcu-bp.so.1 

 25-04-2025 19:03:54:132 [pid=14784 tid=14784] WARN   0:168 failed to open /proc/driver/nvidia-fs/devcount  error: No such file or directory
 25-04-2025 19:03:54:132 [pid=14784 tid=14784] NOTICE  cufio-drv:727 running in compatible mode
 25-04-2025 19:03:54:300 [pid=14784 tid=14784] ERROR  cufio-fs:68 mount options not specified for device in mount table /dev/nvme1n1p1
 25-04-2025 19:04:41:285 [pid=14837 tid=14837] ERROR  0:140 unable to load,  liburcu-bp.so.6 

 25-04-2025 19:04:41:285 [pid=14837 tid=14837] ERROR  0:140 unable to load,  liburcu-bp.so.1 

 25-04-2025 19:04:41:285 [pid=14837 tid=14837] WARN   0:168 failed to open /proc/driver/nvidia-fs/devcount  error: No such file or directory
 25-04-2025 19:04:41:285 [pid=14837 tid=14837] NOTICE  cufio-drv:727 running in compatible mode
 25-04-2025 19:04:41:455 [pid=14837 tid=14837] ERROR  cufio-fs:68 mount options not specified for device in mount table /dev/nvme1n1p1
 25-04-2025 19:06:08:430 [pid=15005 tid=15005] ERROR  0:140 unable to load,  liburcu-bp.so.6 

 25-04-2025 19:06:08:430 [pid=15005 tid=15005] ERROR  0:140 unable to load,  liburcu-bp.so.1 

 25-04-2025 19:06:08:430 [pid=15005 tid=15005] WARN   0:168 failed to open /proc/driver/nvidia-fs/devcount  error: No such file or directory
 25-04-2025 19:06:08:430 [pid=15005 tid=15005] NOTICE  cufio-drv:727 running in compatible mode
 25-04-2025 19:06:08:597 [pid=15005 tid=15005] ERROR  cufio-fs:68 mount options not specified for device in mount table /dev/nvme1n1p1
 25-04-2025 19:06:24:661 [pid=15057 tid=15057] ERROR  0:140 unable to load,  liburcu-bp.so.6 

 25-04-2025 19:06:24:661 [pid=15057 tid=15057] ERROR  0:140 unable to load,  liburcu-bp.so.1 

 25-04-2025 19:06:24:661 [pid=15057 tid=15057] WARN   0:168 failed to open /proc/driver/nvidia-fs/devcount  error: No such file or directory
 25-04-2025 19:06:24:661 [pid=15057 tid=15057] NOTICE  cufio-drv:727 running in compatible mode
 25-04-2025 19:06:24:826 [pid=15057 tid=15057] ERROR  cufio-fs:68 mount options not specified for device in mount table /dev/nvme1n1p1
 25-04-2025 19:07:12:663 [pid=15110 tid=15110] ERROR  0:140 unable to load,  liburcu-bp.so.6 

 25-04-2025 19:07:12:663 [pid=15110 tid=15110] ERROR  0:140 unable to load,  liburcu-bp.so.1 

 25-04-2025 19:07:12:664 [pid=15110 tid=15110] WARN   0:168 failed to open /proc/driver/nvidia-fs/devcount  error: No such file or directory
 25-04-2025 19:07:12:664 [pid=15110 tid=15110] NOTICE  cufio-drv:727 running in compatible mode
 25-04-2025 19:07:12:830 [pid=15110 tid=15110] ERROR  cufio-fs:68 mount options not specified for device in mount table /dev/nvme1n1p1
 25-04-2025 19:07:39:500 [pid=15162 tid=15162] ERROR  0:140 unable to load,  liburcu-bp.so.6 

 25-04-2025 19:07:39:500 [pid=15162 tid=15162] ERROR  0:140 unable to load,  liburcu-bp.so.1 

 25-04-2025 19:07:39:500 [pid=15162 tid=15162] WARN   0:168 failed to open /proc/driver/nvidia-fs/devcount  error: No such file or directory
 25-04-2025 19:07:39:500 [pid=15162 tid=15162] NOTICE  cufio-drv:727 running in compatible mode
 25-04-2025 19:07:39:666 [pid=15162 tid=15162] ERROR  cufio-fs:68 mount options not specified for device in mount table /dev/nvme1n1p1
 25-04-2025 19:14:07:506 [pid=15514 tid=15514] ERROR  0:140 unable to load,  liburcu-bp.so.6 

 25-04-2025 19:14:07:506 [pid=15514 tid=15514] ERROR  0:140 unable to load,  liburcu-bp.so.1 

 25-04-2025 19:14:07:506 [pid=15514 tid=15514] WARN   0:168 failed to open /proc/driver/nvidia-fs/devcount  error: No such file or directory
 25-04-2025 19:14:07:506 [pid=15514 tid=15514] NOTICE  cufio-drv:727 running in compatible mode
 25-04-2025 19:14:07:666 [pid=15514 tid=15514] ERROR  cufio-fs:68 mount options not specified for device in mount table /dev/nvme1n1p1
 25-04-2025 19:14:33:532 [pid=15567 tid=15567] ERROR  0:140 unable to load,  liburcu-bp.so.6 

 25-04-2025 19:14:33:532 [pid=15567 tid=15567] ERROR  0:140 unable to load,  liburcu-bp.so.1 

 25-04-2025 19:14:33:532 [pid=15567 tid=15567] WARN   0:168 failed to open /proc/driver/nvidia-fs/devcount  error: No such file or directory
 25-04-2025 19:14:33:532 [pid=15567 tid=15567] NOTICE  cufio-drv:727 running in compatible mode
 25-04-2025 19:14:33:694 [pid=15567 tid=15567] ERROR  cufio-fs:68 mount options not specified for device in mount table /dev/nvme1n1p1
 25-04-2025 19:15:07:72 [pid=15620 tid=15620] ERROR  0:140 unable to load,  liburcu-bp.so.6 

 25-04-2025 19:15:07:72 [pid=15620 tid=15620] ERROR  0:140 unable to load,  liburcu-bp.so.1 

 25-04-2025 19:15:07:72 [pid=15620 tid=15620] WARN   0:168 failed to open /proc/driver/nvidia-fs/devcount  error: No such file or directory
 25-04-2025 19:15:07:72 [pid=15620 tid=15620] NOTICE  cufio-drv:727 running in compatible mode
 25-04-2025 19:15:07:233 [pid=15620 tid=15620] ERROR  cufio-fs:68 mount options not specified for device in mount table /dev/nvme1n1p1
 25-04-2025 19:21:12:2 [pid=16288 tid=16288] ERROR  0:140 unable to load,  liburcu-bp.so.6 

 25-04-2025 19:21:12:3 [pid=16288 tid=16288] ERROR  0:140 unable to load,  liburcu-bp.so.1 

 25-04-2025 19:21:12:3 [pid=16288 tid=16288] WARN   0:168 failed to open /proc/driver/nvidia-fs/devcount  error: No such file or directory
 25-04-2025 19:21:12:3 [pid=16288 tid=16288] NOTICE  cufio-drv:727 running in compatible mode
 25-04-2025 19:21:12:165 [pid=16288 tid=16288] ERROR  cufio-fs:68 mount options not specified for device in mount table /dev/nvme1n1p1
 25-04-2025 19:21:38:537 [pid=16341 tid=16341] ERROR  0:140 unable to load,  liburcu-bp.so.6 

 25-04-2025 19:21:38:537 [pid=16341 tid=16341] ERROR  0:140 unable to load,  liburcu-bp.so.1 

 25-04-2025 19:21:38:537 [pid=16341 tid=16341] WARN   0:168 failed to open /proc/driver/nvidia-fs/devcount  error: No such file or directory
 25-04-2025 19:21:38:537 [pid=16341 tid=16341] NOTICE  cufio-drv:727 running in compatible mode
 25-04-2025 19:21:38:713 [pid=16341 tid=16341] ERROR  cufio-fs:68 mount options not specified for device in mount table /dev/nvme1n1p1
 25-04-2025 19:23:16:935 [pid=16394 tid=16394] ERROR  0:140 unable to load,  liburcu-bp.so.6 

 25-04-2025 19:23:16:935 [pid=16394 tid=16394] ERROR  0:140 unable to load,  liburcu-bp.so.1 

 25-04-2025 19:23:16:935 [pid=16394 tid=16394] WARN   0:168 failed to open /proc/driver/nvidia-fs/devcount  error: No such file or directory
 25-04-2025 19:23:16:935 [pid=16394 tid=16394] NOTICE  cufio-drv:727 running in compatible mode
 25-04-2025 19:23:17:91 [pid=16394 tid=16394] ERROR  cufio-fs:68 mount options not specified for device in mount table /dev/nvme1n1p1
 25-04-2025 19:24:59:584 [pid=16457 tid=16457] ERROR  0:140 unable to load,  liburcu-bp.so.6 

 25-04-2025 19:24:59:584 [pid=16457 tid=16457] ERROR  0:140 unable to load,  liburcu-bp.so.1 

 25-04-2025 19:24:59:584 [pid=16457 tid=16457] WARN   0:168 failed to open /proc/driver/nvidia-fs/devcount  error: No such file or directory
 25-04-2025 19:24:59:584 [pid=16457 tid=16457] NOTICE  cufio-drv:727 running in compatible mode
 25-04-2025 19:24:59:743 [pid=16457 tid=16457] ERROR  cufio-fs:68 mount options not specified for device in mount table /dev/nvme1n1p1
 25-04-2025 19:32:31:999 [pid=16519 tid=16519] ERROR  0:140 unable to load,  liburcu-bp.so.6 

 25-04-2025 19:32:31:999 [pid=16519 tid=16519] ERROR  0:140 unable to load,  liburcu-bp.so.1 

 25-04-2025 19:32:31:999 [pid=16519 tid=16519] WARN   0:168 failed to open /proc/driver/nvidia-fs/devcount  error: No such file or directory
 25-04-2025 19:32:31:999 [pid=16519 tid=16519] NOTICE  cufio-drv:727 running in compatible mode
 25-04-2025 19:32:32:158 [pid=16519 tid=16519] ERROR  cufio-fs:68 mount options not specified for device in mount table /dev/nvme1n1p1
 25-04-2025 19:33:00:174 [pid=16575 tid=16575] ERROR  0:140 unable to load,  liburcu-bp.so.6 

 25-04-2025 19:33:00:174 [pid=16575 tid=16575] ERROR  0:140 unable to load,  liburcu-bp.so.1 

 25-04-2025 19:33:00:174 [pid=16575 tid=16575] WARN   0:168 failed to open /proc/driver/nvidia-fs/devcount  error: No such file or directory
 25-04-2025 19:33:00:174 [pid=16575 tid=16575] NOTICE  cufio-drv:727 running in compatible mode
 25-04-2025 19:33:00:331 [pid=16575 tid=16575] ERROR  cufio-fs:68 mount options not specified for device in mount table /dev/nvme1n1p1
 25-04-2025 19:33:47:321 [pid=16631 tid=16631] ERROR  0:140 unable to load,  liburcu-bp.so.6 

 25-04-2025 19:33:47:321 [pid=16631 tid=16631] ERROR  0:140 unable to load,  liburcu-bp.so.1 

 25-04-2025 19:33:47:321 [pid=16631 tid=16631] WARN   0:168 failed to open /proc/driver/nvidia-fs/devcount  error: No such file or directory
 25-04-2025 19:33:47:321 [pid=16631 tid=16631] NOTICE  cufio-drv:727 running in compatible mode
 25-04-2025 19:33:47:476 [pid=16631 tid=16631] ERROR  cufio-fs:68 mount options not specified for device in mount table /dev/nvme1n1p1
 25-04-2025 19:34:39:437 [pid=16687 tid=16687] ERROR  0:140 unable to load,  liburcu-bp.so.6 

 25-04-2025 19:34:39:437 [pid=16687 tid=16687] ERROR  0:140 unable to load,  liburcu-bp.so.1 

 25-04-2025 19:34:39:437 [pid=16687 tid=16687] WARN   0:168 failed to open /proc/driver/nvidia-fs/devcount  error: No such file or directory
 25-04-2025 19:34:39:437 [pid=16687 tid=16687] NOTICE  cufio-drv:727 running in compatible mode
 25-04-2025 19:34:39:598 [pid=16687 tid=16687] ERROR  cufio-fs:68 mount options not specified for device in mount table /dev/nvme1n1p1
 25-04-2025 19:36:26:677 [pid=17077 tid=17077] ERROR  0:140 unable to load,  liburcu-bp.so.6 

 25-04-2025 19:36:26:677 [pid=17077 tid=17077] ERROR  0:140 unable to load,  liburcu-bp.so.1 

 25-04-2025 19:36:26:677 [pid=17077 tid=17077] WARN   0:168 failed to open /proc/driver/nvidia-fs/devcount  error: No such file or directory
 25-04-2025 19:36:26:677 [pid=17077 tid=17077] NOTICE  cufio-drv:727 running in compatible mode
 25-04-2025 19:36:26:903 [pid=17077 tid=17077] ERROR  cufio-fs:68 mount options not specified for device in mount table /dev/nvme1n1p1
 25-04-2025 19:41:36:752 [pid=17277 tid=17277] ERROR  0:140 unable to load,  liburcu-bp.so.6 

 25-04-2025 19:41:36:753 [pid=17277 tid=17277] ERROR  0:140 unable to load,  liburcu-bp.so.1 

 25-04-2025 19:41:36:753 [pid=17277 tid=17277] WARN   0:168 failed to open /proc/driver/nvidia-fs/devcount  error: No such file or directory
 25-04-2025 19:41:36:753 [pid=17277 tid=17277] NOTICE  cufio-drv:727 running in compatible mode
 25-04-2025 19:41:36:911 [pid=17277 tid=17277] ERROR  cufio-fs:68 mount options not specified for device in mount table /dev/nvme1n1p1
 25-04-2025 19:42:34:164 [pid=17330 tid=17330] ERROR  0:140 unable to load,  liburcu-bp.so.6 

 25-04-2025 19:42:34:164 [pid=17330 tid=17330] ERROR  0:140 unable to load,  liburcu-bp.so.1 

 25-04-2025 19:42:34:164 [pid=17330 tid=17330] WARN   0:168 failed to open /proc/driver/nvidia-fs/devcount  error: No such file or directory
 25-04-2025 19:42:34:164 [pid=17330 tid=17330] NOTICE  cufio-drv:727 running in compatible mode
 25-04-2025 19:42:34:320 [pid=17330 tid=17330] ERROR  cufio-fs:68 mount options not specified for device in mount table /dev/nvme1n1p1
 25-04-2025 19:44:33:644 [pid=17387 tid=17387] ERROR  0:140 unable to load,  liburcu-bp.so.6 

 25-04-2025 19:44:33:644 [pid=17387 tid=17387] ERROR  0:140 unable to load,  liburcu-bp.so.1 

 25-04-2025 19:44:33:644 [pid=17387 tid=17387] WARN   0:168 failed to open /proc/driver/nvidia-fs/devcount  error: No such file or directory
 25-04-2025 19:44:33:644 [pid=17387 tid=17387] NOTICE  cufio-drv:727 running in compatible mode
 25-04-2025 19:44:33:801 [pid=17387 tid=17387] ERROR  cufio-fs:68 mount options not specified for device in mount table /dev/nvme1n1p1
 25-04-2025 19:44:54:316 [pid=17441 tid=17441] ERROR  0:140 unable to load,  liburcu-bp.so.6 

 25-04-2025 19:44:54:316 [pid=17441 tid=17441] ERROR  0:140 unable to load,  liburcu-bp.so.1 

 25-04-2025 19:44:54:316 [pid=17441 tid=17441] WARN   0:168 failed to open /proc/driver/nvidia-fs/devcount  error: No such file or directory
 25-04-2025 19:44:54:316 [pid=17441 tid=17441] NOTICE  cufio-drv:727 running in compatible mode
 25-04-2025 19:44:54:473 [pid=17441 tid=17441] ERROR  cufio-fs:68 mount options not specified for device in mount table /dev/nvme1n1p1
 25-04-2025 19:45:12:977 [pid=17493 tid=17493] ERROR  0:140 unable to load,  liburcu-bp.so.6 

 25-04-2025 19:45:12:977 [pid=17493 tid=17493] ERROR  0:140 unable to load,  liburcu-bp.so.1 

 25-04-2025 19:45:12:977 [pid=17493 tid=17493] WARN   0:168 failed to open /proc/driver/nvidia-fs/devcount  error: No such file or directory
 25-04-2025 19:45:12:977 [pid=17493 tid=17493] NOTICE  cufio-drv:727 running in compatible mode
 25-04-2025 19:45:13:133 [pid=17493 tid=17493] ERROR  cufio-fs:68 mount options not specified for device in mount table /dev/nvme1n1p1
 25-04-2025 19:47:30:635 [pid=17547 tid=17547] ERROR  0:140 unable to load,  liburcu-bp.so.6 

 25-04-2025 19:47:30:635 [pid=17547 tid=17547] ERROR  0:140 unable to load,  liburcu-bp.so.1 

 25-04-2025 19:47:30:635 [pid=17547 tid=17547] WARN   0:168 failed to open /proc/driver/nvidia-fs/devcount  error: No such file or directory
 25-04-2025 19:47:30:635 [pid=17547 tid=17547] NOTICE  cufio-drv:727 running in compatible mode
 25-04-2025 19:47:30:791 [pid=17547 tid=17547] ERROR  cufio-fs:68 mount options not specified for device in mount table /dev/nvme1n1p1
 25-04-2025 19:47:47:282 [pid=17599 tid=17599] ERROR  0:140 unable to load,  liburcu-bp.so.6 

 25-04-2025 19:47:47:282 [pid=17599 tid=17599] ERROR  0:140 unable to load,  liburcu-bp.so.1 

 25-04-2025 19:47:47:282 [pid=17599 tid=17599] WARN   0:168 failed to open /proc/driver/nvidia-fs/devcount  error: No such file or directory
 25-04-2025 19:47:47:282 [pid=17599 tid=17599] NOTICE  cufio-drv:727 running in compatible mode
 25-04-2025 19:47:47:443 [pid=17599 tid=17599] ERROR  cufio-fs:68 mount options not specified for device in mount table /dev/nvme1n1p1
 25-04-2025 19:49:25:768 [pid=17654 tid=17654] ERROR  0:140 unable to load,  liburcu-bp.so.6 

 25-04-2025 19:49:25:769 [pid=17654 tid=17654] ERROR  0:140 unable to load,  liburcu-bp.so.1 

 25-04-2025 19:49:25:769 [pid=17654 tid=17654] WARN   0:168 failed to open /proc/driver/nvidia-fs/devcount  error: No such file or directory
 25-04-2025 19:49:25:769 [pid=17654 tid=17654] NOTICE  cufio-drv:727 running in compatible mode
 25-04-2025 19:49:25:923 [pid=17654 tid=17654] ERROR  cufio-fs:68 mount options not specified for device in mount table /dev/nvme1n1p1
 25-04-2025 19:51:20:258 [pid=17709 tid=17709] ERROR  0:140 unable to load,  liburcu-bp.so.6 

 25-04-2025 19:51:20:258 [pid=17709 tid=17709] ERROR  0:140 unable to load,  liburcu-bp.so.1 

 25-04-2025 19:51:20:258 [pid=17709 tid=17709] WARN   0:168 failed to open /proc/driver/nvidia-fs/devcount  error: No such file or directory
 25-04-2025 19:51:20:258 [pid=17709 tid=17709] NOTICE  cufio-drv:727 running in compatible mode
 25-04-2025 19:51:20:419 [pid=17709 tid=17709] ERROR  cufio-fs:68 mount options not specified for device in mount table /dev/nvme1n1p1
 25-04-2025 19:52:53:562 [pid=17763 tid=17763] ERROR  0:140 unable to load,  liburcu-bp.so.6 

 25-04-2025 19:52:53:562 [pid=17763 tid=17763] ERROR  0:140 unable to load,  liburcu-bp.so.1 

 25-04-2025 19:52:53:562 [pid=17763 tid=17763] WARN   0:168 failed to open /proc/driver/nvidia-fs/devcount  error: No such file or directory
 25-04-2025 19:52:53:562 [pid=17763 tid=17763] NOTICE  cufio-drv:727 running in compatible mode
 25-04-2025 19:52:53:720 [pid=17763 tid=17763] ERROR  cufio-fs:68 mount options not specified for device in mount table /dev/nvme1n1p1
 25-04-2025 19:57:50:50 [pid=17821 tid=17821] ERROR  0:140 unable to load,  liburcu-bp.so.6 

 25-04-2025 19:57:50:51 [pid=17821 tid=17821] ERROR  0:140 unable to load,  liburcu-bp.so.1 

 25-04-2025 19:57:50:51 [pid=17821 tid=17821] WARN   0:168 failed to open /proc/driver/nvidia-fs/devcount  error: No such file or directory
 25-04-2025 19:57:50:51 [pid=17821 tid=17821] NOTICE  cufio-drv:727 running in compatible mode
 25-04-2025 19:57:50:217 [pid=17821 tid=17821] ERROR  cufio-fs:68 mount options not specified for device in mount table /dev/nvme1n1p1
 25-04-2025 19:58:47:637 [pid=17874 tid=17874] ERROR  0:140 unable to load,  liburcu-bp.so.6 

 25-04-2025 19:58:47:637 [pid=17874 tid=17874] ERROR  0:140 unable to load,  liburcu-bp.so.1 

 25-04-2025 19:58:47:637 [pid=17874 tid=17874] WARN   0:168 failed to open /proc/driver/nvidia-fs/devcount  error: No such file or directory
 25-04-2025 19:58:47:637 [pid=17874 tid=17874] NOTICE  cufio-drv:727 running in compatible mode
 25-04-2025 19:58:47:796 [pid=17874 tid=17874] ERROR  cufio-fs:68 mount options not specified for device in mount table /dev/nvme1n1p1
 25-04-2025 19:59:07:863 [pid=17927 tid=17927] ERROR  0:140 unable to load,  liburcu-bp.so.6 

 25-04-2025 19:59:07:863 [pid=17927 tid=17927] ERROR  0:140 unable to load,  liburcu-bp.so.1 

 25-04-2025 19:59:07:863 [pid=17927 tid=17927] WARN   0:168 failed to open /proc/driver/nvidia-fs/devcount  error: No such file or directory
 25-04-2025 19:59:07:863 [pid=17927 tid=17927] NOTICE  cufio-drv:727 running in compatible mode
 25-04-2025 19:59:08:28 [pid=17927 tid=17927] ERROR  cufio-fs:68 mount options not specified for device in mount table /dev/nvme1n1p1
 25-04-2025 20:00:09:552 [pid=18034 tid=18034] ERROR  0:140 unable to load,  liburcu-bp.so.6 

 25-04-2025 20:00:09:552 [pid=18034 tid=18034] ERROR  0:140 unable to load,  liburcu-bp.so.1 

 25-04-2025 20:00:09:552 [pid=18034 tid=18034] WARN   0:168 failed to open /proc/driver/nvidia-fs/devcount  error: No such file or directory
 25-04-2025 20:00:09:552 [pid=18034 tid=18034] NOTICE  cufio-drv:727 running in compatible mode
 25-04-2025 20:00:09:718 [pid=18034 tid=18034] ERROR  cufio-fs:68 mount options not specified for device in mount table /dev/nvme1n1p1
 25-04-2025 20:26:39:0 [pid=19516 tid=19516] ERROR  0:140 unable to load,  liburcu-bp.so.6 

 25-04-2025 20:26:39:0 [pid=19516 tid=19516] ERROR  0:140 unable to load,  liburcu-bp.so.1 

 25-04-2025 20:26:39:0 [pid=19516 tid=19516] WARN   0:168 failed to open /proc/driver/nvidia-fs/devcount  error: No such file or directory
 25-04-2025 20:26:39:0 [pid=19516 tid=19516] NOTICE  cufio-drv:727 running in compatible mode
 25-04-2025 20:26:39:165 [pid=19516 tid=19516] ERROR  cufio-fs:68 mount options not specified for device in mount table /dev/nvme1n1p1
 25-04-2025 20:27:11:757 [pid=19592 tid=19592] ERROR  0:140 unable to load,  liburcu-bp.so.6 

 25-04-2025 20:27:11:757 [pid=19592 tid=19592] ERROR  0:140 unable to load,  liburcu-bp.so.1 

 25-04-2025 20:27:11:757 [pid=19592 tid=19592] WARN   0:168 failed to open /proc/driver/nvidia-fs/devcount  error: No such file or directory
 25-04-2025 20:27:11:757 [pid=19592 tid=19592] NOTICE  cufio-drv:727 running in compatible mode
 25-04-2025 20:27:11:960 [pid=19592 tid=19592] ERROR  cufio-fs:68 mount options not specified for device in mount table /dev/nvme1n1p1
 25-04-2025 20:27:49:696 [pid=19807 tid=19807] ERROR  0:140 unable to load,  liburcu-bp.so.6 

 25-04-2025 20:27:49:696 [pid=19807 tid=19807] ERROR  0:140 unable to load,  liburcu-bp.so.1 

 25-04-2025 20:27:49:696 [pid=19807 tid=19807] WARN   0:168 failed to open /proc/driver/nvidia-fs/devcount  error: No such file or directory
 25-04-2025 20:27:49:696 [pid=19807 tid=19807] NOTICE  cufio-drv:727 running in compatible mode
 25-04-2025 20:27:49:868 [pid=19807 tid=19807] ERROR  cufio-fs:68 mount options not specified for device in mount table /dev/nvme1n1p1
 25-04-2025 20:30:27:865 [pid=20250 tid=20250] ERROR  0:140 unable to load,  liburcu-bp.so.6 

 25-04-2025 20:30:27:865 [pid=20250 tid=20250] ERROR  0:140 unable to load,  liburcu-bp.so.1 

 25-04-2025 20:30:27:865 [pid=20250 tid=20250] WARN   0:168 failed to open /proc/driver/nvidia-fs/devcount  error: No such file or directory
 25-04-2025 20:30:27:865 [pid=20250 tid=20250] NOTICE  cufio-drv:727 running in compatible mode
 25-04-2025 20:30:28:29 [pid=20250 tid=20250] ERROR  cufio-fs:68 mount options not specified for device in mount table /dev/nvme1n1p1
 25-04-2025 20:31:21:427 [pid=20558 tid=20558] ERROR  0:140 unable to load,  liburcu-bp.so.6 

 25-04-2025 20:31:21:427 [pid=20558 tid=20558] ERROR  0:140 unable to load,  liburcu-bp.so.1 

 25-04-2025 20:31:21:427 [pid=20558 tid=20558] WARN   0:168 failed to open /proc/driver/nvidia-fs/devcount  error: No such file or directory
 25-04-2025 20:31:21:427 [pid=20558 tid=20558] NOTICE  cufio-drv:727 running in compatible mode
 25-04-2025 20:31:21:592 [pid=20558 tid=20558] ERROR  cufio-fs:68 mount options not specified for device in mount table /dev/nvme1n1p1
 25-04-2025 20:31:59:951 [pid=20619 tid=20619] ERROR  0:140 unable to load,  liburcu-bp.so.6 

 25-04-2025 20:31:59:951 [pid=20619 tid=20619] ERROR  0:140 unable to load,  liburcu-bp.so.1 

 25-04-2025 20:31:59:951 [pid=20619 tid=20619] WARN   0:168 failed to open /proc/driver/nvidia-fs/devcount  error: No such file or directory
 25-04-2025 20:31:59:951 [pid=20619 tid=20619] NOTICE  cufio-drv:727 running in compatible mode
 25-04-2025 20:32:00:116 [pid=20619 tid=20619] ERROR  cufio-fs:68 mount options not specified for device in mount table /dev/nvme1n1p1
 25-04-2025 20:34:18:370 [pid=20807 tid=20807] ERROR  0:140 unable to load,  liburcu-bp.so.6 

 25-04-2025 20:34:18:370 [pid=20807 tid=20807] ERROR  0:140 unable to load,  liburcu-bp.so.1 

 25-04-2025 20:34:18:370 [pid=20807 tid=20807] WARN   0:168 failed to open /proc/driver/nvidia-fs/devcount  error: No such file or directory
 25-04-2025 20:34:18:370 [pid=20807 tid=20807] NOTICE  cufio-drv:727 running in compatible mode
 25-04-2025 20:34:18:529 [pid=20807 tid=20807] ERROR  cufio-fs:68 mount options not specified for device in mount table /dev/nvme1n1p1
 25-04-2025 20:34:43:761 [pid=20868 tid=20868] ERROR  0:140 unable to load,  liburcu-bp.so.6 

 25-04-2025 20:34:43:761 [pid=20868 tid=20868] ERROR  0:140 unable to load,  liburcu-bp.so.1 

 25-04-2025 20:34:43:761 [pid=20868 tid=20868] WARN   0:168 failed to open /proc/driver/nvidia-fs/devcount  error: No such file or directory
 25-04-2025 20:34:43:761 [pid=20868 tid=20868] NOTICE  cufio-drv:727 running in compatible mode
 25-04-2025 20:34:43:924 [pid=20868 tid=20868] ERROR  cufio-fs:68 mount options not specified for device in mount table /dev/nvme1n1p1
 25-04-2025 20:35:22:943 [pid=21051 tid=21051] ERROR  0:140 unable to load,  liburcu-bp.so.6 

 25-04-2025 20:35:22:943 [pid=21051 tid=21051] ERROR  0:140 unable to load,  liburcu-bp.so.1 

 25-04-2025 20:35:22:943 [pid=21051 tid=21051] WARN   0:168 failed to open /proc/driver/nvidia-fs/devcount  error: No such file or directory
 25-04-2025 20:35:22:943 [pid=21051 tid=21051] NOTICE  cufio-drv:727 running in compatible mode
 25-04-2025 20:35:23:109 [pid=21051 tid=21051] ERROR  cufio-fs:68 mount options not specified for device in mount table /dev/nvme1n1p1
 25-04-2025 20:36:00:770 [pid=21237 tid=21237] ERROR  0:140 unable to load,  liburcu-bp.so.6 

 25-04-2025 20:36:00:770 [pid=21237 tid=21237] ERROR  0:140 unable to load,  liburcu-bp.so.1 

 25-04-2025 20:36:00:770 [pid=21237 tid=21237] WARN   0:168 failed to open /proc/driver/nvidia-fs/devcount  error: No such file or directory
 25-04-2025 20:36:00:770 [pid=21237 tid=21237] NOTICE  cufio-drv:727 running in compatible mode
 25-04-2025 20:36:00:933 [pid=21237 tid=21237] ERROR  cufio-fs:68 mount options not specified for device in mount table /dev/nvme1n1p1
 25-04-2025 20:41:34:171 [pid=21914 tid=21914] ERROR  0:140 unable to load,  liburcu-bp.so.6 

 25-04-2025 20:41:34:171 [pid=21914 tid=21914] ERROR  0:140 unable to load,  liburcu-bp.so.1 

 25-04-2025 20:41:34:171 [pid=21914 tid=21914] WARN   0:168 failed to open /proc/driver/nvidia-fs/devcount  error: No such file or directory
 25-04-2025 20:41:34:171 [pid=21914 tid=21914] NOTICE  cufio-drv:727 running in compatible mode
 25-04-2025 20:41:34:333 [pid=21914 tid=21914] ERROR  cufio-fs:68 mount options not specified for device in mount table /dev/nvme1n1p1
 25-04-2025 20:41:45:220 [pid=21951 tid=21951] ERROR  0:140 unable to load,  liburcu-bp.so.6 

 25-04-2025 20:41:45:220 [pid=21951 tid=21951] ERROR  0:140 unable to load,  liburcu-bp.so.1 

 25-04-2025 20:41:45:220 [pid=21951 tid=21951] WARN   0:168 failed to open /proc/driver/nvidia-fs/devcount  error: No such file or directory
 25-04-2025 20:41:45:220 [pid=21951 tid=21951] NOTICE  cufio-drv:727 running in compatible mode
 25-04-2025 20:41:45:384 [pid=21951 tid=21951] ERROR  cufio-fs:68 mount options not specified for device in mount table /dev/nvme1n1p1
 25-04-2025 20:43:29:214 [pid=22012 tid=22012] ERROR  0:140 unable to load,  liburcu-bp.so.6 

 25-04-2025 20:43:29:214 [pid=22012 tid=22012] ERROR  0:140 unable to load,  liburcu-bp.so.1 

 25-04-2025 20:43:29:214 [pid=22012 tid=22012] WARN   0:168 failed to open /proc/driver/nvidia-fs/devcount  error: No such file or directory
 25-04-2025 20:43:29:214 [pid=22012 tid=22012] NOTICE  cufio-drv:727 running in compatible mode
 25-04-2025 20:43:29:381 [pid=22012 tid=22012] ERROR  cufio-fs:68 mount options not specified for device in mount table /dev/nvme1n1p1
 25-04-2025 20:44:51:211 [pid=22081 tid=22081] ERROR  0:140 unable to load,  liburcu-bp.so.6 

 25-04-2025 20:44:51:211 [pid=22081 tid=22081] ERROR  0:140 unable to load,  liburcu-bp.so.1 

 25-04-2025 20:44:51:211 [pid=22081 tid=22081] WARN   0:168 failed to open /proc/driver/nvidia-fs/devcount  error: No such file or directory
 25-04-2025 20:44:51:211 [pid=22081 tid=22081] NOTICE  cufio-drv:727 running in compatible mode
 25-04-2025 20:44:51:372 [pid=22081 tid=22081] ERROR  cufio-fs:68 mount options not specified for device in mount table /dev/nvme1n1p1
 25-04-2025 20:46:28:811 [pid=22258 tid=22258] ERROR  0:140 unable to load,  liburcu-bp.so.6 

 25-04-2025 20:46:28:811 [pid=22258 tid=22258] ERROR  0:140 unable to load,  liburcu-bp.so.1 

 25-04-2025 20:46:28:811 [pid=22258 tid=22258] WARN   0:168 failed to open /proc/driver/nvidia-fs/devcount  error: No such file or directory
 25-04-2025 20:46:28:811 [pid=22258 tid=22258] NOTICE  cufio-drv:727 running in compatible mode
 25-04-2025 20:46:28:971 [pid=22258 tid=22258] ERROR  cufio-fs:68 mount options not specified for device in mount table /dev/nvme1n1p1
 25-04-2025 20:46:56:219 [pid=22294 tid=22294] ERROR  0:140 unable to load,  liburcu-bp.so.6 

 25-04-2025 20:46:56:219 [pid=22294 tid=22294] ERROR  0:140 unable to load,  liburcu-bp.so.1 

 25-04-2025 20:46:56:219 [pid=22294 tid=22294] WARN   0:168 failed to open /proc/driver/nvidia-fs/devcount  error: No such file or directory
 25-04-2025 20:46:56:219 [pid=22294 tid=22294] NOTICE  cufio-drv:727 running in compatible mode
 25-04-2025 20:46:56:382 [pid=22294 tid=22294] ERROR  cufio-fs:68 mount options not specified for device in mount table /dev/nvme1n1p1
 25-04-2025 20:47:33:363 [pid=22354 tid=22354] ERROR  0:140 unable to load,  liburcu-bp.so.6 

 25-04-2025 20:47:33:363 [pid=22354 tid=22354] ERROR  0:140 unable to load,  liburcu-bp.so.1 

 25-04-2025 20:47:33:363 [pid=22354 tid=22354] WARN   0:168 failed to open /proc/driver/nvidia-fs/devcount  error: No such file or directory
 25-04-2025 20:47:33:363 [pid=22354 tid=22354] NOTICE  cufio-drv:727 running in compatible mode
 25-04-2025 20:47:33:531 [pid=22354 tid=22354] ERROR  cufio-fs:68 mount options not specified for device in mount table /dev/nvme1n1p1
 25-04-2025 20:49:51:386 [pid=22545 tid=22545] ERROR  0:140 unable to load,  liburcu-bp.so.6 

 25-04-2025 20:49:51:386 [pid=22545 tid=22545] ERROR  0:140 unable to load,  liburcu-bp.so.1 

 25-04-2025 20:49:51:386 [pid=22545 tid=22545] WARN   0:168 failed to open /proc/driver/nvidia-fs/devcount  error: No such file or directory
 25-04-2025 20:49:51:386 [pid=22545 tid=22545] NOTICE  cufio-drv:727 running in compatible mode
 25-04-2025 20:49:51:550 [pid=22545 tid=22545] ERROR  cufio-fs:68 mount options not specified for device in mount table /dev/nvme1n1p1
 25-04-2025 20:55:42:907 [pid=22903 tid=22903] ERROR  0:140 unable to load,  liburcu-bp.so.6 

 25-04-2025 20:55:42:907 [pid=22903 tid=22903] ERROR  0:140 unable to load,  liburcu-bp.so.1 

 25-04-2025 20:55:42:907 [pid=22903 tid=22903] WARN   0:168 failed to open /proc/driver/nvidia-fs/devcount  error: No such file or directory
 25-04-2025 20:55:42:907 [pid=22903 tid=22903] NOTICE  cufio-drv:727 running in compatible mode
 25-04-2025 20:55:43:70 [pid=22903 tid=22903] ERROR  cufio-fs:68 mount options not specified for device in mount table /dev/nvme1n1p1
 25-04-2025 20:56:04:3 [pid=23059 tid=23059] ERROR  0:140 unable to load,  liburcu-bp.so.6 

 25-04-2025 20:56:04:3 [pid=23059 tid=23059] ERROR  0:140 unable to load,  liburcu-bp.so.1 

 25-04-2025 20:56:04:3 [pid=23059 tid=23059] WARN   0:168 failed to open /proc/driver/nvidia-fs/devcount  error: No such file or directory
 25-04-2025 20:56:04:3 [pid=23059 tid=23059] NOTICE  cufio-drv:727 running in compatible mode
 25-04-2025 20:56:04:169 [pid=23059 tid=23059] ERROR  cufio-fs:68 mount options not specified for device in mount table /dev/nvme1n1p1
 25-04-2025 20:56:38:337 [pid=23119 tid=23119] ERROR  0:140 unable to load,  liburcu-bp.so.6 

 25-04-2025 20:56:38:337 [pid=23119 tid=23119] ERROR  0:140 unable to load,  liburcu-bp.so.1 

 25-04-2025 20:56:38:337 [pid=23119 tid=23119] WARN   0:168 failed to open /proc/driver/nvidia-fs/devcount  error: No such file or directory
 25-04-2025 20:56:38:338 [pid=23119 tid=23119] NOTICE  cufio-drv:727 running in compatible mode
 25-04-2025 20:56:38:499 [pid=23119 tid=23119] ERROR  cufio-fs:68 mount options not specified for device in mount table /dev/nvme1n1p1
 25-04-2025 20:58:28:767 [pid=23308 tid=23308] ERROR  0:140 unable to load,  liburcu-bp.so.6 

 25-04-2025 20:58:28:767 [pid=23308 tid=23308] ERROR  0:140 unable to load,  liburcu-bp.so.1 

 25-04-2025 20:58:28:767 [pid=23308 tid=23308] WARN   0:168 failed to open /proc/driver/nvidia-fs/devcount  error: No such file or directory
 25-04-2025 20:58:28:767 [pid=23308 tid=23308] NOTICE  cufio-drv:727 running in compatible mode
 25-04-2025 20:58:28:932 [pid=23308 tid=23308] ERROR  cufio-fs:68 mount options not specified for device in mount table /dev/nvme1n1p1
 25-04-2025 21:00:59:496 [pid=23506 tid=23506] ERROR  0:140 unable to load,  liburcu-bp.so.6 

 25-04-2025 21:00:59:496 [pid=23506 tid=23506] ERROR  0:140 unable to load,  liburcu-bp.so.1 

 25-04-2025 21:00:59:496 [pid=23506 tid=23506] WARN   0:168 failed to open /proc/driver/nvidia-fs/devcount  error: No such file or directory
 25-04-2025 21:00:59:496 [pid=23506 tid=23506] NOTICE  cufio-drv:727 running in compatible mode
 25-04-2025 21:00:59:659 [pid=23506 tid=23506] ERROR  cufio-fs:68 mount options not specified for device in mount table /dev/nvme1n1p1
 25-04-2025 21:01:47:376 [pid=23692 tid=23692] ERROR  0:140 unable to load,  liburcu-bp.so.6 

 25-04-2025 21:01:47:377 [pid=23692 tid=23692] ERROR  0:140 unable to load,  liburcu-bp.so.1 

 25-04-2025 21:01:47:377 [pid=23692 tid=23692] WARN   0:168 failed to open /proc/driver/nvidia-fs/devcount  error: No such file or directory
 25-04-2025 21:01:47:377 [pid=23692 tid=23692] NOTICE  cufio-drv:727 running in compatible mode
 25-04-2025 21:01:47:537 [pid=23692 tid=23692] ERROR  cufio-fs:68 mount options not specified for device in mount table /dev/nvme1n1p1
 25-04-2025 21:02:21:84 [pid=23994 tid=23994] ERROR  0:140 unable to load,  liburcu-bp.so.6 

 25-04-2025 21:02:21:85 [pid=23994 tid=23994] ERROR  0:140 unable to load,  liburcu-bp.so.1 

 25-04-2025 21:02:21:85 [pid=23994 tid=23994] WARN   0:168 failed to open /proc/driver/nvidia-fs/devcount  error: No such file or directory
 25-04-2025 21:02:21:85 [pid=23994 tid=23994] NOTICE  cufio-drv:727 running in compatible mode
 25-04-2025 21:02:21:246 [pid=23994 tid=23994] ERROR  cufio-fs:68 mount options not specified for device in mount table /dev/nvme1n1p1
 25-04-2025 21:04:31:303 [pid=24229 tid=24229] ERROR  0:140 unable to load,  liburcu-bp.so.6 

 25-04-2025 21:04:31:303 [pid=24229 tid=24229] ERROR  0:140 unable to load,  liburcu-bp.so.1 

 25-04-2025 21:04:31:303 [pid=24229 tid=24229] WARN   0:168 failed to open /proc/driver/nvidia-fs/devcount  error: No such file or directory
 25-04-2025 21:04:31:303 [pid=24229 tid=24229] NOTICE  cufio-drv:727 running in compatible mode
 25-04-2025 21:04:31:467 [pid=24229 tid=24229] ERROR  cufio-fs:68 mount options not specified for device in mount table /dev/nvme1n1p1
 25-04-2025 21:06:38:516 [pid=24557 tid=24557] ERROR  0:140 unable to load,  liburcu-bp.so.6 

 25-04-2025 21:06:38:516 [pid=24557 tid=24557] ERROR  0:140 unable to load,  liburcu-bp.so.1 

 25-04-2025 21:06:38:516 [pid=24557 tid=24557] WARN   0:168 failed to open /proc/driver/nvidia-fs/devcount  error: No such file or directory
 25-04-2025 21:06:38:516 [pid=24557 tid=24557] NOTICE  cufio-drv:727 running in compatible mode
 25-04-2025 21:06:38:677 [pid=24557 tid=24557] ERROR  cufio-fs:68 mount options not specified for device in mount table /dev/nvme1n1p1
 25-04-2025 21:07:56:641 [pid=24734 tid=24734] ERROR  0:140 unable to load,  liburcu-bp.so.6 

 25-04-2025 21:07:56:641 [pid=24734 tid=24734] ERROR  0:140 unable to load,  liburcu-bp.so.1 

 25-04-2025 21:07:56:641 [pid=24734 tid=24734] WARN   0:168 failed to open /proc/driver/nvidia-fs/devcount  error: No such file or directory
 25-04-2025 21:07:56:641 [pid=24734 tid=24734] NOTICE  cufio-drv:727 running in compatible mode
 25-04-2025 21:07:56:806 [pid=24734 tid=24734] ERROR  cufio-fs:68 mount options not specified for device in mount table /dev/nvme1n1p1
 25-04-2025 21:08:40:327 [pid=24920 tid=24920] ERROR  0:140 unable to load,  liburcu-bp.so.6 

 25-04-2025 21:08:40:327 [pid=24920 tid=24920] ERROR  0:140 unable to load,  liburcu-bp.so.1 

 25-04-2025 21:08:40:327 [pid=24920 tid=24920] WARN   0:168 failed to open /proc/driver/nvidia-fs/devcount  error: No such file or directory
 25-04-2025 21:08:40:327 [pid=24920 tid=24920] NOTICE  cufio-drv:727 running in compatible mode
 25-04-2025 21:08:40:492 [pid=24920 tid=24920] ERROR  cufio-fs:68 mount options not specified for device in mount table /dev/nvme1n1p1
 25-04-2025 21:10:33:38 [pid=25237 tid=25237] ERROR  0:140 unable to load,  liburcu-bp.so.6 

 25-04-2025 21:10:33:38 [pid=25237 tid=25237] ERROR  0:140 unable to load,  liburcu-bp.so.1 

 25-04-2025 21:10:33:38 [pid=25237 tid=25237] WARN   0:168 failed to open /proc/driver/nvidia-fs/devcount  error: No such file or directory
 25-04-2025 21:10:33:38 [pid=25237 tid=25237] NOTICE  cufio-drv:727 running in compatible mode
 25-04-2025 21:10:33:201 [pid=25237 tid=25237] ERROR  cufio-fs:68 mount options not specified for device in mount table /dev/nvme1n1p1
 25-04-2025 21:10:59:376 [pid=25422 tid=25422] ERROR  0:140 unable to load,  liburcu-bp.so.6 

 25-04-2025 21:10:59:376 [pid=25422 tid=25422] ERROR  0:140 unable to load,  liburcu-bp.so.1 

 25-04-2025 21:10:59:376 [pid=25422 tid=25422] WARN   0:168 failed to open /proc/driver/nvidia-fs/devcount  error: No such file or directory
 25-04-2025 21:10:59:376 [pid=25422 tid=25422] NOTICE  cufio-drv:727 running in compatible mode
 25-04-2025 21:10:59:542 [pid=25422 tid=25422] ERROR  cufio-fs:68 mount options not specified for device in mount table /dev/nvme1n1p1
 26-04-2025 00:20:14:234 [pid=2174 tid=2174] ERROR  0:140 unable to load,  liburcu-bp.so.6 

 26-04-2025 00:20:14:235 [pid=2174 tid=2174] ERROR  0:140 unable to load,  liburcu-bp.so.1 

 26-04-2025 00:20:14:236 [pid=2174 tid=2174] WARN   0:168 failed to open /proc/driver/nvidia-fs/devcount  error: No such file or directory
 26-04-2025 00:20:14:236 [pid=2174 tid=2174] NOTICE  cufio-drv:727 running in compatible mode
 26-04-2025 00:20:14:400 [pid=2174 tid=2174] ERROR  cufio-fs:68 mount options not specified for device in mount table /dev/nvme0n1p1
